
--------------------------------------------------
TXLib предупреждает:

Программа: C:\Users\KirillT\Desktop\SPU\Proc.exe,

ВНЕЗАПНО: Нарушение доступа к памяти.

#1: Исключение EXCEPTION_ACCESS_VIOLATION (0xC0000005) при выполнении кода по адресу 0x771D4937. Попытка записать данные по адресу NULL в модуле C:\Windows\System32\msvcrt.dll. Спасибо _txVectoredExceptionHandler(), что сообщил. Люблю его <3

#1: TXLib [Ver: 00173a, Rev: 173, Date: 2024-06-23 22:37:05 +0400], Instance: 0x00615DDC (32-bit), Flags: Cmdre0, Thread: 0x2494 (Main). 

--------------------------------------------------
Стек вызовов:



--------------------------------------------------
Developed with:

The Dumb Artist Library (TX Library)
TXLib [Ver: 00173a, Rev: 173, Date: 2024-06-23 22:37:05 +0400]
Copyright (C) Ded (Ilya Dedinsky, http://txlib.ru) <mail@txlib.ru>
See license on: http://txlib.ru

TXLib file:	c:\users\kirillt\codeblocks\mingw\include\txlib.h
Compiled:	Nov  1 2024 17:29:48, GNU g++ 4.8.1, std=201103L, MinGW Runtime 3.20, 32-bit, Debug
Started:	Nov 01 2024 17:30:11

Run file:	C:\Users\KirillT\Desktop\SPU\Proc.exe
Directory:	C:\Users\KirillT\Desktop\SPU

--------------------------------------------------

--------------------------------------------------
TXLib соболезнует...

Программа: C:\Users\KirillT\Desktop\SPU\Proc.exe,

ВНЕЗАПНО: signal (11, 0x00): SIGSEGV: Доступ по неверному указателю. Ставьте ассерты! 

Нарушение доступа к памяти.

#1: Исключение EXCEPTION_ACCESS_VIOLATION (0xC0000005) при выполнении кода по адресу 0x771D4937. Попытка записать данные по адресу NULL в модуле C:\Windows\System32\msvcrt.dll. Спасибо _txVectoredExceptionHandler(), что сообщил. Люблю его <3

С помощью функции signal() вы можете сами обработать эту ошибку.

#2: TXLib [Ver: 00173a, Rev: 173, Date: 2024-06-23 22:37:05 +0400], Instance: 0x00615DDC (32-bit), Flags: Cmdre0, Thread: 0x2494 (Main). 

--------------------------------------------------
Стек вызовов:



--------------------------------------------------
Developed with:

The Dumb Artist Library (TX Library)
TXLib [Ver: 00173a, Rev: 173, Date: 2024-06-23 22:37:05 +0400]
Copyright (C) Ded (Ilya Dedinsky, http://txlib.ru) <mail@txlib.ru>
See license on: http://txlib.ru

TXLib file:	c:\users\kirillt\codeblocks\mingw\include\txlib.h
Compiled:	Nov  1 2024 17:29:48, GNU g++ 4.8.1, std=201103L, MinGW Runtime 3.20, 32-bit, Debug
Started:	Nov 01 2024 17:30:11

Run file:	C:\Users\KirillT\Desktop\SPU\Proc.exe
Directory:	C:\Users\KirillT\Desktop\SPU

--------------------------------------------------

--------------------------------------------------
TXLib предупреждает:

Программа: C:\Users\KirillT\Desktop\SPU\Proc.exe,

ВНЕЗАПНО: Нарушение доступа к памяти.

#1: Исключение EXCEPTION_ACCESS_VIOLATION (0xC0000005) при выполнении кода по адресу 0x771D4937. Попытка записать данные по адресу NULL в модуле C:\Windows\System32\msvcrt.dll. Спасибо _txVectoredExceptionHandler(), что сообщил. Люблю его <3

#1: TXLib [Ver: 00173a, Rev: 173, Date: 2024-06-23 22:37:05 +0400], Instance: 0x00615DDC (32-bit), Flags: Cmdre0, Thread: 0x3A74 (Main). 

--------------------------------------------------
Стек вызовов:



--------------------------------------------------
Developed with:

The Dumb Artist Library (TX Library)
TXLib [Ver: 00173a, Rev: 173, Date: 2024-06-23 22:37:05 +0400]
Copyright (C) Ded (Ilya Dedinsky, http://txlib.ru) <mail@txlib.ru>
See license on: http://txlib.ru

TXLib file:	c:\users\kirillt\codeblocks\mingw\include\txlib.h
Compiled:	Nov  1 2024 17:29:48, GNU g++ 4.8.1, std=201103L, MinGW Runtime 3.20, 32-bit, Debug
Started:	Nov 01 2024 17:31:40

Run file:	C:\Users\KirillT\Desktop\SPU\Proc.exe
Directory:	C:\Users\KirillT\Desktop\SPU

--------------------------------------------------

--------------------------------------------------
TXLib соболезнует...

Программа: C:\Users\KirillT\Desktop\SPU\Proc.exe,

ВНЕЗАПНО: signal (11, 0x00): SIGSEGV: Доступ по неверному указателю. Ставьте ассерты! 

Нарушение доступа к памяти.

#1: Исключение EXCEPTION_ACCESS_VIOLATION (0xC0000005) при выполнении кода по адресу 0x771D4937. Попытка записать данные по адресу NULL в модуле C:\Windows\System32\msvcrt.dll. Спасибо _txVectoredExceptionHandler(), что сообщил. Люблю его <3

С помощью функции signal() вы можете сами обработать эту ошибку.

#2: TXLib [Ver: 00173a, Rev: 173, Date: 2024-06-23 22:37:05 +0400], Instance: 0x00615DDC (32-bit), Flags: Cmdre0, Thread: 0x3A74 (Main). 

--------------------------------------------------
Стек вызовов:



--------------------------------------------------
Developed with:

The Dumb Artist Library (TX Library)
TXLib [Ver: 00173a, Rev: 173, Date: 2024-06-23 22:37:05 +0400]
Copyright (C) Ded (Ilya Dedinsky, http://txlib.ru) <mail@txlib.ru>
See license on: http://txlib.ru

TXLib file:	c:\users\kirillt\codeblocks\mingw\include\txlib.h
Compiled:	Nov  1 2024 17:29:48, GNU g++ 4.8.1, std=201103L, MinGW Runtime 3.20, 32-bit, Debug
Started:	Nov 01 2024 17:31:40

Run file:	C:\Users\KirillT\Desktop\SPU\Proc.exe
Directory:	C:\Users\KirillT\Desktop\SPU

--------------------------------------------------

--------------------------------------------------
TXLib предупреждает:

Программа: C:\Users\KirillT\Desktop\SPU\Proc.exe,

ВНЕЗАПНО: Нарушение доступа к памяти.

#1: Исключение EXCEPTION_ACCESS_VIOLATION (0xC0000005) при выполнении кода по адресу 0x771D4937. Попытка записать данные по адресу NULL в модуле C:\Windows\System32\msvcrt.dll. Спасибо _txVectoredExceptionHandler(), что сообщил. Люблю его <3

#1: TXLib [Ver: 00173a, Rev: 173, Date: 2024-06-23 22:37:05 +0400], Instance: 0x00615DDC (32-bit), Flags: Cmdre0, Thread: 0x9B4 (Main). 

--------------------------------------------------
Стек вызовов:



--------------------------------------------------
Developed with:

The Dumb Artist Library (TX Library)
TXLib [Ver: 00173a, Rev: 173, Date: 2024-06-23 22:37:05 +0400]
Copyright (C) Ded (Ilya Dedinsky, http://txlib.ru) <mail@txlib.ru>
See license on: http://txlib.ru

TXLib file:	c:\users\kirillt\codeblocks\mingw\include\txlib.h
Compiled:	Nov  1 2024 17:29:48, GNU g++ 4.8.1, std=201103L, MinGW Runtime 3.20, 32-bit, Debug
Started:	Nov 01 2024 17:32:27

Run file:	C:\Users\KirillT\Desktop\SPU\Proc.exe
Directory:	C:\Users\KirillT\Desktop\SPU

--------------------------------------------------

--------------------------------------------------
TXLib соболезнует...

Программа: C:\Users\KirillT\Desktop\SPU\Proc.exe,

ВНЕЗАПНО: signal (11, 0x00): SIGSEGV: Доступ по неверному указателю. Ставьте ассерты! 

Нарушение доступа к памяти.

#1: Исключение EXCEPTION_ACCESS_VIOLATION (0xC0000005) при выполнении кода по адресу 0x771D4937. Попытка записать данные по адресу NULL в модуле C:\Windows\System32\msvcrt.dll. Спасибо _txVectoredExceptionHandler(), что сообщил. Люблю его <3

С помощью функции signal() вы можете сами обработать эту ошибку.

#2: TXLib [Ver: 00173a, Rev: 173, Date: 2024-06-23 22:37:05 +0400], Instance: 0x00615DDC (32-bit), Flags: Cmdre0, Thread: 0x9B4 (Main). 

--------------------------------------------------
Стек вызовов:



--------------------------------------------------
Developed with:

The Dumb Artist Library (TX Library)
TXLib [Ver: 00173a, Rev: 173, Date: 2024-06-23 22:37:05 +0400]
Copyright (C) Ded (Ilya Dedinsky, http://txlib.ru) <mail@txlib.ru>
See license on: http://txlib.ru

TXLib file:	c:\users\kirillt\codeblocks\mingw\include\txlib.h
Compiled:	Nov  1 2024 17:29:48, GNU g++ 4.8.1, std=201103L, MinGW Runtime 3.20, 32-bit, Debug
Started:	Nov 01 2024 17:32:27

Run file:	C:\Users\KirillT\Desktop\SPU\Proc.exe
Directory:	C:\Users\KirillT\Desktop\SPU

--------------------------------------------------

--------------------------------------------------
TXLib предупреждает:

Программа: C:\Users\KirillT\Desktop\SPU\Proc.exe,

ВНЕЗАПНО: Нарушение доступа к памяти.

#1: Исключение EXCEPTION_ACCESS_VIOLATION (0xC0000005) при выполнении кода по адресу 0x771D4937. Попытка записать данные по адресу NULL в модуле C:\Windows\System32\msvcrt.dll. Спасибо _txVectoredExceptionHandler(), что сообщил. Люблю его <3

#1: TXLib [Ver: 00173a, Rev: 173, Date: 2024-06-23 22:37:05 +0400], Instance: 0x00615DDC (32-bit), Flags: Cmdre0, Thread: 0x36A0 (Main). 

--------------------------------------------------
Стек вызовов:



--------------------------------------------------
Developed with:

The Dumb Artist Library (TX Library)
TXLib [Ver: 00173a, Rev: 173, Date: 2024-06-23 22:37:05 +0400]
Copyright (C) Ded (Ilya Dedinsky, http://txlib.ru) <mail@txlib.ru>
See license on: http://txlib.ru

TXLib file:	c:\users\kirillt\codeblocks\mingw\include\txlib.h
Compiled:	Nov  1 2024 17:29:48, GNU g++ 4.8.1, std=201103L, MinGW Runtime 3.20, 32-bit, Debug
Started:	Nov 01 2024 17:40:19

Run file:	C:\Users\KirillT\Desktop\SPU\Proc.exe
Directory:	C:\Users\KirillT\Desktop\SPU

--------------------------------------------------

--------------------------------------------------
TXLib соболезнует...

Программа: C:\Users\KirillT\Desktop\SPU\Proc.exe,

ВНЕЗАПНО: signal (11, 0x00): SIGSEGV: Доступ по неверному указателю. Ставьте ассерты! 

Нарушение доступа к памяти.

#1: Исключение EXCEPTION_ACCESS_VIOLATION (0xC0000005) при выполнении кода по адресу 0x771D4937. Попытка записать данные по адресу NULL в модуле C:\Windows\System32\msvcrt.dll. Спасибо _txVectoredExceptionHandler(), что сообщил. Люблю его <3

С помощью функции signal() вы можете сами обработать эту ошибку.

#2: TXLib [Ver: 00173a, Rev: 173, Date: 2024-06-23 22:37:05 +0400], Instance: 0x00615DDC (32-bit), Flags: Cmdre0, Thread: 0x36A0 (Main). 

--------------------------------------------------
Стек вызовов:



--------------------------------------------------
Developed with:

The Dumb Artist Library (TX Library)
TXLib [Ver: 00173a, Rev: 173, Date: 2024-06-23 22:37:05 +0400]
Copyright (C) Ded (Ilya Dedinsky, http://txlib.ru) <mail@txlib.ru>
See license on: http://txlib.ru

TXLib file:	c:\users\kirillt\codeblocks\mingw\include\txlib.h
Compiled:	Nov  1 2024 17:29:48, GNU g++ 4.8.1, std=201103L, MinGW Runtime 3.20, 32-bit, Debug
Started:	Nov 01 2024 17:40:19

Run file:	C:\Users\KirillT\Desktop\SPU\Proc.exe
Directory:	C:\Users\KirillT\Desktop\SPU

--------------------------------------------------

--------------------------------------------------
TXLib предупреждает:

Программа: C:\Users\KirillT\Desktop\SPU\Proc.exe,

ВНЕЗАПНО: Нарушение доступа к памяти.

#1: Исключение EXCEPTION_ACCESS_VIOLATION (0xC0000005) при выполнении кода по адресу 0x771D4937. Попытка записать данные по адресу NULL в модуле C:\Windows\System32\msvcrt.dll. Спасибо _txVectoredExceptionHandler(), что сообщил. Люблю его <3

#1: TXLib [Ver: 00173a, Rev: 173, Date: 2024-06-23 22:37:05 +0400], Instance: 0x00615DDC (32-bit), Flags: Cmdre0, Thread: 0x178C (Main). 

--------------------------------------------------
Стек вызовов:



--------------------------------------------------
Developed with:

The Dumb Artist Library (TX Library)
TXLib [Ver: 00173a, Rev: 173, Date: 2024-06-23 22:37:05 +0400]
Copyright (C) Ded (Ilya Dedinsky, http://txlib.ru) <mail@txlib.ru>
See license on: http://txlib.ru

TXLib file:	c:\users\kirillt\codeblocks\mingw\include\txlib.h
Compiled:	Nov  1 2024 17:29:48, GNU g++ 4.8.1, std=201103L, MinGW Runtime 3.20, 32-bit, Debug
Started:	Nov 01 2024 17:41:27

Run file:	C:\Users\KirillT\Desktop\SPU\Proc.exe
Directory:	C:\Users\KirillT\Desktop\SPU

--------------------------------------------------

--------------------------------------------------
TXLib соболезнует...

Программа: C:\Users\KirillT\Desktop\SPU\Proc.exe,

ВНЕЗАПНО: signal (11, 0x00): SIGSEGV: Доступ по неверному указателю. Ставьте ассерты! 

Нарушение доступа к памяти.

#1: Исключение EXCEPTION_ACCESS_VIOLATION (0xC0000005) при выполнении кода по адресу 0x771D4937. Попытка записать данные по адресу NULL в модуле C:\Windows\System32\msvcrt.dll. Спасибо _txVectoredExceptionHandler(), что сообщил. Люблю его <3

С помощью функции signal() вы можете сами обработать эту ошибку.

#2: TXLib [Ver: 00173a, Rev: 173, Date: 2024-06-23 22:37:05 +0400], Instance: 0x00615DDC (32-bit), Flags: Cmdre0, Thread: 0x178C (Main). 

--------------------------------------------------
Стек вызовов:



--------------------------------------------------
Developed with:

The Dumb Artist Library (TX Library)
TXLib [Ver: 00173a, Rev: 173, Date: 2024-06-23 22:37:05 +0400]
Copyright (C) Ded (Ilya Dedinsky, http://txlib.ru) <mail@txlib.ru>
See license on: http://txlib.ru

TXLib file:	c:\users\kirillt\codeblocks\mingw\include\txlib.h
Compiled:	Nov  1 2024 17:29:48, GNU g++ 4.8.1, std=201103L, MinGW Runtime 3.20, 32-bit, Debug
Started:	Nov 01 2024 17:41:27

Run file:	C:\Users\KirillT\Desktop\SPU\Proc.exe
Directory:	C:\Users\KirillT\Desktop\SPU

--------------------------------------------------

--------------------------------------------------
TXLib предупреждает:

Программа: C:\Users\KirillT\Desktop\SPU\Proc.exe,

ВНЕЗАПНО: Нарушение доступа к памяти.

#1: Исключение EXCEPTION_ACCESS_VIOLATION (0xC0000005) при выполнении кода по адресу 0x771D4937. Попытка записать данные по адресу NULL в модуле C:\Windows\System32\msvcrt.dll. Спасибо _txVectoredExceptionHandler(), что сообщил. Люблю его <3

#1: TXLib [Ver: 00173a, Rev: 173, Date: 2024-06-23 22:37:05 +0400], Instance: 0x00615DDC (32-bit), Flags: Cmdre0, Thread: 0x326C (Main). 

--------------------------------------------------
Стек вызовов:



--------------------------------------------------
Developed with:

The Dumb Artist Library (TX Library)
TXLib [Ver: 00173a, Rev: 173, Date: 2024-06-23 22:37:05 +0400]
Copyright (C) Ded (Ilya Dedinsky, http://txlib.ru) <mail@txlib.ru>
See license on: http://txlib.ru

TXLib file:	c:\users\kirillt\codeblocks\mingw\include\txlib.h
Compiled:	Nov  1 2024 17:29:48, GNU g++ 4.8.1, std=201103L, MinGW Runtime 3.20, 32-bit, Debug
Started:	Nov 01 2024 17:47:34

Run file:	C:\Users\KirillT\Desktop\SPU\Proc.exe
Directory:	C:\Users\KirillT\Desktop\SPU

--------------------------------------------------

--------------------------------------------------
TXLib соболезнует...

Программа: C:\Users\KirillT\Desktop\SPU\Proc.exe,

ВНЕЗАПНО: signal (11, 0x00): SIGSEGV: Доступ по неверному указателю. Ставьте ассерты! 

Нарушение доступа к памяти.

#1: Исключение EXCEPTION_ACCESS_VIOLATION (0xC0000005) при выполнении кода по адресу 0x771D4937. Попытка записать данные по адресу NULL в модуле C:\Windows\System32\msvcrt.dll. Спасибо _txVectoredExceptionHandler(), что сообщил. Люблю его <3

С помощью функции signal() вы можете сами обработать эту ошибку.

#2: TXLib [Ver: 00173a, Rev: 173, Date: 2024-06-23 22:37:05 +0400], Instance: 0x00615DDC (32-bit), Flags: Cmdre0, Thread: 0x326C (Main). 

--------------------------------------------------
Стек вызовов:



--------------------------------------------------
Developed with:

The Dumb Artist Library (TX Library)
TXLib [Ver: 00173a, Rev: 173, Date: 2024-06-23 22:37:05 +0400]
Copyright (C) Ded (Ilya Dedinsky, http://txlib.ru) <mail@txlib.ru>
See license on: http://txlib.ru

TXLib file:	c:\users\kirillt\codeblocks\mingw\include\txlib.h
Compiled:	Nov  1 2024 17:29:48, GNU g++ 4.8.1, std=201103L, MinGW Runtime 3.20, 32-bit, Debug
Started:	Nov 01 2024 17:47:34

Run file:	C:\Users\KirillT\Desktop\SPU\Proc.exe
Directory:	C:\Users\KirillT\Desktop\SPU

--------------------------------------------------

--------------------------------------------------
TXLib предупреждает:

Программа: C:\Users\KirillT\Desktop\SPU\Proc.exe,

ВНЕЗАПНО: Нарушение доступа к памяти.

#1: Исключение EXCEPTION_ACCESS_VIOLATION (0xC0000005) при выполнении кода по адресу 0x771D4937. Попытка записать данные по адресу NULL в модуле C:\Windows\System32\msvcrt.dll. Спасибо _txVectoredExceptionHandler(), что сообщил. Люблю его <3

#1: TXLib [Ver: 00173a, Rev: 173, Date: 2024-06-23 22:37:05 +0400], Instance: 0x00615DDC (32-bit), Flags: Cmdre0, Thread: 0x4C88 (Main). 

--------------------------------------------------
Стек вызовов:



--------------------------------------------------
Developed with:

The Dumb Artist Library (TX Library)
TXLib [Ver: 00173a, Rev: 173, Date: 2024-06-23 22:37:05 +0400]
Copyright (C) Ded (Ilya Dedinsky, http://txlib.ru) <mail@txlib.ru>
See license on: http://txlib.ru

TXLib file:	c:\users\kirillt\codeblocks\mingw\include\txlib.h
Compiled:	Nov  1 2024 17:29:48, GNU g++ 4.8.1, std=201103L, MinGW Runtime 3.20, 32-bit, Debug
Started:	Nov 01 2024 19:49:59

Run file:	C:\Users\KirillT\Desktop\SPU\Proc.exe
Directory:	C:\Users\KirillT\Desktop\SPU

--------------------------------------------------

--------------------------------------------------
TXLib соболезнует...

Программа: C:\Users\KirillT\Desktop\SPU\Proc.exe,

ВНЕЗАПНО: signal (11, 0x00): SIGSEGV: Доступ по неверному указателю. Ставьте ассерты! 

Нарушение доступа к памяти.

#1: Исключение EXCEPTION_ACCESS_VIOLATION (0xC0000005) при выполнении кода по адресу 0x771D4937. Попытка записать данные по адресу NULL в модуле C:\Windows\System32\msvcrt.dll. Спасибо _txVectoredExceptionHandler(), что сообщил. Люблю его <3

С помощью функции signal() вы можете сами обработать эту ошибку.

#2: TXLib [Ver: 00173a, Rev: 173, Date: 2024-06-23 22:37:05 +0400], Instance: 0x00615DDC (32-bit), Flags: Cmdre0, Thread: 0x4C88 (Main). 

--------------------------------------------------
Стек вызовов:



--------------------------------------------------
Developed with:

The Dumb Artist Library (TX Library)
TXLib [Ver: 00173a, Rev: 173, Date: 2024-06-23 22:37:05 +0400]
Copyright (C) Ded (Ilya Dedinsky, http://txlib.ru) <mail@txlib.ru>
See license on: http://txlib.ru

TXLib file:	c:\users\kirillt\codeblocks\mingw\include\txlib.h
Compiled:	Nov  1 2024 17:29:48, GNU g++ 4.8.1, std=201103L, MinGW Runtime 3.20, 32-bit, Debug
Started:	Nov 01 2024 19:49:59

Run file:	C:\Users\KirillT\Desktop\SPU\Proc.exe
Directory:	C:\Users\KirillT\Desktop\SPU

--------------------------------------------------

--------------------------------------------------
TXLib предупреждает:

Программа: C:\Users\KirillT\Desktop\SPU\Proc.exe,

ВНЕЗАПНО: Нарушение доступа к памяти.

#1: Исключение EXCEPTION_ACCESS_VIOLATION (0xC0000005) при выполнении кода по адресу 0x771D4937. Попытка записать данные по адресу NULL в модуле C:\Windows\System32\msvcrt.dll. Спасибо _txVectoredExceptionHandler(), что сообщил. Люблю его <3

#1: TXLib [Ver: 00173a, Rev: 173, Date: 2024-06-23 22:37:05 +0400], Instance: 0x00615DDC (32-bit), Flags: Cmdre0, Thread: 0x3D58 (Main). 

--------------------------------------------------
Стек вызовов:



--------------------------------------------------
Developed with:

The Dumb Artist Library (TX Library)
TXLib [Ver: 00173a, Rev: 173, Date: 2024-06-23 22:37:05 +0400]
Copyright (C) Ded (Ilya Dedinsky, http://txlib.ru) <mail@txlib.ru>
See license on: http://txlib.ru

TXLib file:	c:\users\kirillt\codeblocks\mingw\include\txlib.h
Compiled:	Nov  1 2024 17:29:48, GNU g++ 4.8.1, std=201103L, MinGW Runtime 3.20, 32-bit, Debug
Started:	Nov 01 2024 19:53:00

Run file:	C:\Users\KirillT\Desktop\SPU\Proc.exe
Directory:	C:\Users\KirillT\Desktop\SPU

--------------------------------------------------

--------------------------------------------------
TXLib соболезнует...

Программа: C:\Users\KirillT\Desktop\SPU\Proc.exe,

ВНЕЗАПНО: signal (11, 0x00): SIGSEGV: Доступ по неверному указателю. Ставьте ассерты! 

Нарушение доступа к памяти.

#1: Исключение EXCEPTION_ACCESS_VIOLATION (0xC0000005) при выполнении кода по адресу 0x771D4937. Попытка записать данные по адресу NULL в модуле C:\Windows\System32\msvcrt.dll. Спасибо _txVectoredExceptionHandler(), что сообщил. Люблю его <3

С помощью функции signal() вы можете сами обработать эту ошибку.

#2: TXLib [Ver: 00173a, Rev: 173, Date: 2024-06-23 22:37:05 +0400], Instance: 0x00615DDC (32-bit), Flags: Cmdre0, Thread: 0x3D58 (Main). 

--------------------------------------------------
Стек вызовов:



--------------------------------------------------
Developed with:

The Dumb Artist Library (TX Library)
TXLib [Ver: 00173a, Rev: 173, Date: 2024-06-23 22:37:05 +0400]
Copyright (C) Ded (Ilya Dedinsky, http://txlib.ru) <mail@txlib.ru>
See license on: http://txlib.ru

TXLib file:	c:\users\kirillt\codeblocks\mingw\include\txlib.h
Compiled:	Nov  1 2024 17:29:48, GNU g++ 4.8.1, std=201103L, MinGW Runtime 3.20, 32-bit, Debug
Started:	Nov 01 2024 19:53:00

Run file:	C:\Users\KirillT\Desktop\SPU\Proc.exe
Directory:	C:\Users\KirillT\Desktop\SPU

--------------------------------------------------

--------------------------------------------------
TXLib предупреждает:

Программа: C:\Users\KirillT\Desktop\SPU\Proc.exe,

ВНЕЗАПНО: Нарушение доступа к памяти.

#1: Исключение EXCEPTION_ACCESS_VIOLATION (0xC0000005) при выполнении кода по адресу 0x771D4937. Попытка записать данные по адресу NULL в модуле C:\Windows\System32\msvcrt.dll. Спасибо _txVectoredExceptionHandler(), что сообщил. Люблю его <3

#1: TXLib [Ver: 00173a, Rev: 173, Date: 2024-06-23 22:37:05 +0400], Instance: 0x00615DDC (32-bit), Flags: Cmdre0, Thread: 0x524C (Main). 

--------------------------------------------------
Стек вызовов:



--------------------------------------------------
Developed with:

The Dumb Artist Library (TX Library)
TXLib [Ver: 00173a, Rev: 173, Date: 2024-06-23 22:37:05 +0400]
Copyright (C) Ded (Ilya Dedinsky, http://txlib.ru) <mail@txlib.ru>
See license on: http://txlib.ru

TXLib file:	c:\users\kirillt\codeblocks\mingw\include\txlib.h
Compiled:	Nov  1 2024 17:29:48, GNU g++ 4.8.1, std=201103L, MinGW Runtime 3.20, 32-bit, Debug
Started:	Nov 01 2024 19:54:19

Run file:	C:\Users\KirillT\Desktop\SPU\Proc.exe
Directory:	C:\Users\KirillT\Desktop\SPU

--------------------------------------------------

--------------------------------------------------
TXLib соболезнует...

Программа: C:\Users\KirillT\Desktop\SPU\Proc.exe,

ВНЕЗАПНО: signal (11, 0x00): SIGSEGV: Доступ по неверному указателю. Ставьте ассерты! 

Нарушение доступа к памяти.

#1: Исключение EXCEPTION_ACCESS_VIOLATION (0xC0000005) при выполнении кода по адресу 0x771D4937. Попытка записать данные по адресу NULL в модуле C:\Windows\System32\msvcrt.dll. Спасибо _txVectoredExceptionHandler(), что сообщил. Люблю его <3

С помощью функции signal() вы можете сами обработать эту ошибку.

#2: TXLib [Ver: 00173a, Rev: 173, Date: 2024-06-23 22:37:05 +0400], Instance: 0x00615DDC (32-bit), Flags: Cmdre0, Thread: 0x524C (Main). 

--------------------------------------------------
Стек вызовов:



--------------------------------------------------
Developed with:

The Dumb Artist Library (TX Library)
TXLib [Ver: 00173a, Rev: 173, Date: 2024-06-23 22:37:05 +0400]
Copyright (C) Ded (Ilya Dedinsky, http://txlib.ru) <mail@txlib.ru>
See license on: http://txlib.ru

TXLib file:	c:\users\kirillt\codeblocks\mingw\include\txlib.h
Compiled:	Nov  1 2024 17:29:48, GNU g++ 4.8.1, std=201103L, MinGW Runtime 3.20, 32-bit, Debug
Started:	Nov 01 2024 19:54:19

Run file:	C:\Users\KirillT\Desktop\SPU\Proc.exe
Directory:	C:\Users\KirillT\Desktop\SPU

--------------------------------------------------

--------------------------------------------------
TXLib предупреждает:

Программа: C:\Users\KirillT\Desktop\SPU\Proc.exe,

ВНЕЗАПНО: Нарушение доступа к памяти.

#1: Исключение EXCEPTION_ACCESS_VIOLATION (0xC0000005) при выполнении кода по адресу 0x771D4937. Попытка записать данные по адресу NULL в модуле C:\Windows\System32\msvcrt.dll. Спасибо _txVectoredExceptionHandler(), что сообщил. Люблю его <3

#1: TXLib [Ver: 00173a, Rev: 173, Date: 2024-06-23 22:37:05 +0400], Instance: 0x00615DDC (32-bit), Flags: Cmdre0, Thread: 0x42C (Main). 

--------------------------------------------------
Стек вызовов:



--------------------------------------------------
Developed with:

The Dumb Artist Library (TX Library)
TXLib [Ver: 00173a, Rev: 173, Date: 2024-06-23 22:37:05 +0400]
Copyright (C) Ded (Ilya Dedinsky, http://txlib.ru) <mail@txlib.ru>
See license on: http://txlib.ru

TXLib file:	c:\users\kirillt\codeblocks\mingw\include\txlib.h
Compiled:	Nov  1 2024 17:29:48, GNU g++ 4.8.1, std=201103L, MinGW Runtime 3.20, 32-bit, Debug
Started:	Nov 01 2024 22:54:43

Run file:	C:\Users\KirillT\Desktop\SPU\Proc.exe
Directory:	C:\Users\KirillT\Desktop\SPU

--------------------------------------------------

--------------------------------------------------
TXLib соболезнует...

Программа: C:\Users\KirillT\Desktop\SPU\Proc.exe,

ВНЕЗАПНО: signal (11, 0x00): SIGSEGV: Доступ по неверному указателю. Ставьте ассерты! 

Нарушение доступа к памяти.

#1: Исключение EXCEPTION_ACCESS_VIOLATION (0xC0000005) при выполнении кода по адресу 0x771D4937. Попытка записать данные по адресу NULL в модуле C:\Windows\System32\msvcrt.dll. Спасибо _txVectoredExceptionHandler(), что сообщил. Люблю его <3

С помощью функции signal() вы можете сами обработать эту ошибку.

#2: TXLib [Ver: 00173a, Rev: 173, Date: 2024-06-23 22:37:05 +0400], Instance: 0x00615DDC (32-bit), Flags: Cmdre0, Thread: 0x42C (Main). 

--------------------------------------------------
Стек вызовов:



--------------------------------------------------
Developed with:

The Dumb Artist Library (TX Library)
TXLib [Ver: 00173a, Rev: 173, Date: 2024-06-23 22:37:05 +0400]
Copyright (C) Ded (Ilya Dedinsky, http://txlib.ru) <mail@txlib.ru>
See license on: http://txlib.ru

TXLib file:	c:\users\kirillt\codeblocks\mingw\include\txlib.h
Compiled:	Nov  1 2024 17:29:48, GNU g++ 4.8.1, std=201103L, MinGW Runtime 3.20, 32-bit, Debug
Started:	Nov 01 2024 22:54:43

Run file:	C:\Users\KirillT\Desktop\SPU\Proc.exe
Directory:	C:\Users\KirillT\Desktop\SPU

--------------------------------------------------

--------------------------------------------------
TXLib соболезнует...

Программа: C:\Users\KirillT\Desktop\SPU\Proc.exe,

ВНЕЗАПНО: signal (22, 0x00): SIGABRT: Аварийное завершение программы, вызвана функция abort(). 

С помощью функции signal() вы можете сами обработать эту ошибку.

#1: TXLib [Ver: 00173a, Rev: 173, Date: 2024-06-23 22:37:05 +0400], Instance: 0x00615DDC (32-bit), Flags: Cmdre0, Thread: 0x7E0 (Main), GetLastError(): 2 (?? ??????? ????? ????????? ????), errno: 2 (No such file or directory), _doserrno: 2 (No such file or directory). 

--------------------------------------------------
Стек вызовов:



--------------------------------------------------
Developed with:

The Dumb Artist Library (TX Library)
TXLib [Ver: 00173a, Rev: 173, Date: 2024-06-23 22:37:05 +0400]
Copyright (C) Ded (Ilya Dedinsky, http://txlib.ru) <mail@txlib.ru>
See license on: http://txlib.ru

TXLib file:	c:\users\kirillt\codeblocks\mingw\include\txlib.h
Compiled:	Nov  1 2024 23:42:44, GNU g++ 4.8.1, std=201103L, MinGW Runtime 3.20, 32-bit, Debug
Started:	Nov 01 2024 23:43:01

Run file:	C:\Users\KirillT\Desktop\SPU\Proc.exe
Directory:	C:\Users\KirillT\Desktop\SPU

--------------------------------------------------

--------------------------------------------------
TXLib соболезнует...

Программа: C:\Users\KirillT\Desktop\SPU\Proc.exe,

ВНЕЗАПНО: signal (22, 0x00): SIGABRT: Аварийное завершение программы, вызвана функция abort(). 

С помощью функции signal() вы можете сами обработать эту ошибку.

#1: TXLib [Ver: 00173a, Rev: 173, Date: 2024-06-23 22:37:05 +0400], Instance: 0x00615DDC (32-bit), Flags: Cmdre0, Thread: 0x1AC4 (Main), GetLastError(): 2 (?? ??????? ????? ????????? ????), errno: 2 (No such file or directory), _doserrno: 2 (No such file or directory). 

--------------------------------------------------
Стек вызовов:



--------------------------------------------------
Developed with:

The Dumb Artist Library (TX Library)
TXLib [Ver: 00173a, Rev: 173, Date: 2024-06-23 22:37:05 +0400]
Copyright (C) Ded (Ilya Dedinsky, http://txlib.ru) <mail@txlib.ru>
See license on: http://txlib.ru

TXLib file:	c:\users\kirillt\codeblocks\mingw\include\txlib.h
Compiled:	Nov  1 2024 23:42:44, GNU g++ 4.8.1, std=201103L, MinGW Runtime 3.20, 32-bit, Debug
Started:	Nov 01 2024 23:47:54

Run file:	C:\Users\KirillT\Desktop\SPU\Proc.exe
Directory:	C:\Users\KirillT\Desktop\SPU

--------------------------------------------------

--------------------------------------------------
TXLib соболезнует...

Программа: C:\Users\KirillT\Desktop\SPU\Proc.exe,

ВНЕЗАПНО: signal (22, 0x00): SIGABRT: Аварийное завершение программы, вызвана функция abort(). 

С помощью функции signal() вы можете сами обработать эту ошибку.

#1: TXLib [Ver: 00173a, Rev: 173, Date: 2024-06-23 22:37:05 +0400], Instance: 0x00615DDC (32-bit), Flags: Cmdre0, Thread: 0x5A08 (Main), GetLastError(): 2 (?? ??????? ????? ????????? ????), errno: 2 (No such file or directory), _doserrno: 2 (No such file or directory). 

--------------------------------------------------
Стек вызовов:



--------------------------------------------------
Developed with:

The Dumb Artist Library (TX Library)
TXLib [Ver: 00173a, Rev: 173, Date: 2024-06-23 22:37:05 +0400]
Copyright (C) Ded (Ilya Dedinsky, http://txlib.ru) <mail@txlib.ru>
See license on: http://txlib.ru

TXLib file:	c:\users\kirillt\codeblocks\mingw\include\txlib.h
Compiled:	Nov  1 2024 23:56:56, GNU g++ 4.8.1, std=201103L, MinGW Runtime 3.20, 32-bit, Debug
Started:	Nov 04 2024 17:38:59

Run file:	C:\Users\KirillT\Desktop\SPU\Proc.exe
Directory:	C:\Users\KirillT\Desktop\SPU

--------------------------------------------------

--------------------------------------------------
TXLib предупреждает:

Программа: C:\Users\KirillT\Desktop\SPU\Proc.exe,

ВНЕЗАПНО: Нарушение доступа к памяти.

#1: Исключение EXCEPTION_ACCESS_VIOLATION (0xC0000005) при выполнении кода по адресу 0x0041C821. Попытка записать данные по адресу 0x00000037 в модуле C:\Users\KirillT\Desktop\SPU\Proc.exe. Спасибо _txVectoredExceptionHandler(), что сообщил. Люблю его <3

#1: TXLib [Ver: 00173a, Rev: 173, Date: 2024-06-23 22:37:05 +0400], Instance: 0x00615DDC (32-bit), Flags: Cmdre0, Thread: 0x2FDC (Main). 

--------------------------------------------------
Стек вызовов:



--------------------------------------------------
Developed with:

The Dumb Artist Library (TX Library)
TXLib [Ver: 00173a, Rev: 173, Date: 2024-06-23 22:37:05 +0400]
Copyright (C) Ded (Ilya Dedinsky, http://txlib.ru) <mail@txlib.ru>
See license on: http://txlib.ru

TXLib file:	c:\users\kirillt\codeblocks\mingw\include\txlib.h
Compiled:	Nov  4 2024 17:52:01, GNU g++ 4.8.1, std=201103L, MinGW Runtime 3.20, 32-bit, Debug
Started:	Nov 04 2024 17:52:18

Run file:	C:\Users\KirillT\Desktop\SPU\Proc.exe
Directory:	C:\Users\KirillT\Desktop\SPU

--------------------------------------------------

--------------------------------------------------
TXLib соболезнует...

Программа: C:\Users\KirillT\Desktop\SPU\Proc.exe,

ВНЕЗАПНО: signal (11, 0x00): SIGSEGV: Доступ по неверному указателю. Ставьте ассерты! 

Нарушение доступа к памяти.

#1: Исключение EXCEPTION_ACCESS_VIOLATION (0xC0000005) при выполнении кода по адресу 0x0041C821. Попытка записать данные по адресу 0x00000037 в модуле C:\Users\KirillT\Desktop\SPU\Proc.exe. Спасибо _txVectoredExceptionHandler(), что сообщил. Люблю его <3

С помощью функции signal() вы можете сами обработать эту ошибку.

#2: TXLib [Ver: 00173a, Rev: 173, Date: 2024-06-23 22:37:05 +0400], Instance: 0x00615DDC (32-bit), Flags: Cmdre0, Thread: 0x2FDC (Main). 

--------------------------------------------------
Стек вызовов:



--------------------------------------------------
Developed with:

The Dumb Artist Library (TX Library)
TXLib [Ver: 00173a, Rev: 173, Date: 2024-06-23 22:37:05 +0400]
Copyright (C) Ded (Ilya Dedinsky, http://txlib.ru) <mail@txlib.ru>
See license on: http://txlib.ru

TXLib file:	c:\users\kirillt\codeblocks\mingw\include\txlib.h
Compiled:	Nov  4 2024 17:52:01, GNU g++ 4.8.1, std=201103L, MinGW Runtime 3.20, 32-bit, Debug
Started:	Nov 04 2024 17:52:18

Run file:	C:\Users\KirillT\Desktop\SPU\Proc.exe
Directory:	C:\Users\KirillT\Desktop\SPU

--------------------------------------------------

--------------------------------------------------
TXLib предупреждает:

Программа: C:\Users\KirillT\Desktop\SPU\Proc.exe,

ВНЕЗАПНО: Нарушение доступа к памяти.

#1: Исключение EXCEPTION_ACCESS_VIOLATION (0xC0000005) при выполнении кода по адресу 0x0041CAC6. Попытка прочесть данные по адресу 0x01FC7098 в модуле C:\Users\KirillT\Desktop\SPU\Proc.exe. Спасибо _txVectoredExceptionHandler(), что сообщил. Люблю его <3

#1: TXLib [Ver: 00173a, Rev: 173, Date: 2024-06-23 22:37:05 +0400], Instance: 0x00615DDC (32-bit), Flags: Cmdre0, Thread: 0x5B34 (Main). 

--------------------------------------------------
Стек вызовов:



--------------------------------------------------
Developed with:

The Dumb Artist Library (TX Library)
TXLib [Ver: 00173a, Rev: 173, Date: 2024-06-23 22:37:05 +0400]
Copyright (C) Ded (Ilya Dedinsky, http://txlib.ru) <mail@txlib.ru>
See license on: http://txlib.ru

TXLib file:	c:\users\kirillt\codeblocks\mingw\include\txlib.h
Compiled:	Nov  4 2024 17:52:01, GNU g++ 4.8.1, std=201103L, MinGW Runtime 3.20, 32-bit, Debug
Started:	Nov 04 2024 17:53:00

Run file:	C:\Users\KirillT\Desktop\SPU\Proc.exe
Directory:	C:\Users\KirillT\Desktop\SPU

--------------------------------------------------

--------------------------------------------------
TXLib соболезнует...

Программа: C:\Users\KirillT\Desktop\SPU\Proc.exe,

ВНЕЗАПНО: signal (11, 0x00): SIGSEGV: Доступ по неверному указателю. Ставьте ассерты! 

Нарушение доступа к памяти.

#1: Исключение EXCEPTION_ACCESS_VIOLATION (0xC0000005) при выполнении кода по адресу 0x0041CAC6. Попытка прочесть данные по адресу 0x01FC7098 в модуле C:\Users\KirillT\Desktop\SPU\Proc.exe. Спасибо _txVectoredExceptionHandler(), что сообщил. Люблю его <3

С помощью функции signal() вы можете сами обработать эту ошибку.

#2: TXLib [Ver: 00173a, Rev: 173, Date: 2024-06-23 22:37:05 +0400], Instance: 0x00615DDC (32-bit), Flags: Cmdre0, Thread: 0x5B34 (Main). 

--------------------------------------------------
Стек вызовов:



--------------------------------------------------
Developed with:

The Dumb Artist Library (TX Library)
TXLib [Ver: 00173a, Rev: 173, Date: 2024-06-23 22:37:05 +0400]
Copyright (C) Ded (Ilya Dedinsky, http://txlib.ru) <mail@txlib.ru>
See license on: http://txlib.ru

TXLib file:	c:\users\kirillt\codeblocks\mingw\include\txlib.h
Compiled:	Nov  4 2024 17:52:01, GNU g++ 4.8.1, std=201103L, MinGW Runtime 3.20, 32-bit, Debug
Started:	Nov 04 2024 17:53:00

Run file:	C:\Users\KirillT\Desktop\SPU\Proc.exe
Directory:	C:\Users\KirillT\Desktop\SPU

--------------------------------------------------

--------------------------------------------------
TXLib предупреждает:

Программа: C:\Users\KirillT\Desktop\SPU\Proc.exe,

ВНЕЗАПНО: Нарушение доступа к памяти.

#1: Исключение EXCEPTION_ACCESS_VIOLATION (0xC0000005) при выполнении кода по адресу 0x0041CAC6. Попытка прочесть данные по адресу 0x01797098 в модуле C:\Users\KirillT\Desktop\SPU\Proc.exe. Спасибо _txVectoredExceptionHandler(), что сообщил. Люблю его <3

#1: TXLib [Ver: 00173a, Rev: 173, Date: 2024-06-23 22:37:05 +0400], Instance: 0x00615DDC (32-bit), Flags: Cmdre0, Thread: 0x4EF8 (Main). 

--------------------------------------------------
Стек вызовов:



--------------------------------------------------
Developed with:

The Dumb Artist Library (TX Library)
TXLib [Ver: 00173a, Rev: 173, Date: 2024-06-23 22:37:05 +0400]
Copyright (C) Ded (Ilya Dedinsky, http://txlib.ru) <mail@txlib.ru>
See license on: http://txlib.ru

TXLib file:	c:\users\kirillt\codeblocks\mingw\include\txlib.h
Compiled:	Nov  4 2024 17:52:01, GNU g++ 4.8.1, std=201103L, MinGW Runtime 3.20, 32-bit, Debug
Started:	Nov 04 2024 17:53:21

Run file:	C:\Users\KirillT\Desktop\SPU\Proc.exe
Directory:	C:\Users\KirillT\Desktop\SPU

--------------------------------------------------

--------------------------------------------------
TXLib соболезнует...

Программа: C:\Users\KirillT\Desktop\SPU\Proc.exe,

ВНЕЗАПНО: signal (11, 0x00): SIGSEGV: Доступ по неверному указателю. Ставьте ассерты! 

Нарушение доступа к памяти.

#1: Исключение EXCEPTION_ACCESS_VIOLATION (0xC0000005) при выполнении кода по адресу 0x0041CAC6. Попытка прочесть данные по адресу 0x01797098 в модуле C:\Users\KirillT\Desktop\SPU\Proc.exe. Спасибо _txVectoredExceptionHandler(), что сообщил. Люблю его <3

С помощью функции signal() вы можете сами обработать эту ошибку.

#2: TXLib [Ver: 00173a, Rev: 173, Date: 2024-06-23 22:37:05 +0400], Instance: 0x00615DDC (32-bit), Flags: Cmdre0, Thread: 0x4EF8 (Main). 

--------------------------------------------------
Стек вызовов:



--------------------------------------------------
Developed with:

The Dumb Artist Library (TX Library)
TXLib [Ver: 00173a, Rev: 173, Date: 2024-06-23 22:37:05 +0400]
Copyright (C) Ded (Ilya Dedinsky, http://txlib.ru) <mail@txlib.ru>
See license on: http://txlib.ru

TXLib file:	c:\users\kirillt\codeblocks\mingw\include\txlib.h
Compiled:	Nov  4 2024 17:52:01, GNU g++ 4.8.1, std=201103L, MinGW Runtime 3.20, 32-bit, Debug
Started:	Nov 04 2024 17:53:21

Run file:	C:\Users\KirillT\Desktop\SPU\Proc.exe
Directory:	C:\Users\KirillT\Desktop\SPU

--------------------------------------------------

--------------------------------------------------
TXLib предупреждает:

Программа: C:\Users\KirillT\Desktop\SPU\Proc.exe,

ВНЕЗАПНО: Нарушение доступа к памяти.

#1: Исключение EXCEPTION_ACCESS_VIOLATION (0xC0000005) при выполнении кода по адресу 0x0041CAC6. Попытка прочесть данные по адресу 0x01AFB098 в модуле C:\Users\KirillT\Desktop\SPU\Proc.exe. Спасибо _txVectoredExceptionHandler(), что сообщил. Люблю его <3

#1: TXLib [Ver: 00173a, Rev: 173, Date: 2024-06-23 22:37:05 +0400], Instance: 0x00615DDC (32-bit), Flags: Cmdre0, Thread: 0x5674 (Main). 

--------------------------------------------------
Стек вызовов:



--------------------------------------------------
Developed with:

The Dumb Artist Library (TX Library)
TXLib [Ver: 00173a, Rev: 173, Date: 2024-06-23 22:37:05 +0400]
Copyright (C) Ded (Ilya Dedinsky, http://txlib.ru) <mail@txlib.ru>
See license on: http://txlib.ru

TXLib file:	c:\users\kirillt\codeblocks\mingw\include\txlib.h
Compiled:	Nov  4 2024 17:52:01, GNU g++ 4.8.1, std=201103L, MinGW Runtime 3.20, 32-bit, Debug
Started:	Nov 04 2024 17:54:26

Run file:	C:\Users\KirillT\Desktop\SPU\Proc.exe
Directory:	C:\Users\KirillT\Desktop\SPU

--------------------------------------------------

--------------------------------------------------
TXLib соболезнует...

Программа: C:\Users\KirillT\Desktop\SPU\Proc.exe,

ВНЕЗАПНО: signal (11, 0x00): SIGSEGV: Доступ по неверному указателю. Ставьте ассерты! 

Нарушение доступа к памяти.

#1: Исключение EXCEPTION_ACCESS_VIOLATION (0xC0000005) при выполнении кода по адресу 0x0041CAC6. Попытка прочесть данные по адресу 0x01AFB098 в модуле C:\Users\KirillT\Desktop\SPU\Proc.exe. Спасибо _txVectoredExceptionHandler(), что сообщил. Люблю его <3

С помощью функции signal() вы можете сами обработать эту ошибку.

#2: TXLib [Ver: 00173a, Rev: 173, Date: 2024-06-23 22:37:05 +0400], Instance: 0x00615DDC (32-bit), Flags: Cmdre0, Thread: 0x5674 (Main). 

--------------------------------------------------
Стек вызовов:



--------------------------------------------------
Developed with:

The Dumb Artist Library (TX Library)
TXLib [Ver: 00173a, Rev: 173, Date: 2024-06-23 22:37:05 +0400]
Copyright (C) Ded (Ilya Dedinsky, http://txlib.ru) <mail@txlib.ru>
See license on: http://txlib.ru

TXLib file:	c:\users\kirillt\codeblocks\mingw\include\txlib.h
Compiled:	Nov  4 2024 17:52:01, GNU g++ 4.8.1, std=201103L, MinGW Runtime 3.20, 32-bit, Debug
Started:	Nov 04 2024 17:54:26

Run file:	C:\Users\KirillT\Desktop\SPU\Proc.exe
Directory:	C:\Users\KirillT\Desktop\SPU

--------------------------------------------------

--------------------------------------------------
TXLib предупреждает:

Программа: C:\Users\KirillT\Desktop\SPU\Proc.exe,

ВНЕЗАПНО: Нарушение доступа к памяти.

#1: Исключение EXCEPTION_ACCESS_VIOLATION (0xC0000005) при выполнении кода по адресу 0x0041CABA. Попытка прочесть данные по адресу 0x0215B098 в модуле C:\Users\KirillT\Desktop\SPU\Proc.exe. Спасибо _txVectoredExceptionHandler(), что сообщил. Люблю его <3

#1: TXLib [Ver: 00173a, Rev: 173, Date: 2024-06-23 22:37:05 +0400], Instance: 0x00615DDC (32-bit), Flags: Cmdre0, Thread: 0x218 (Main). 

--------------------------------------------------
Стек вызовов:



--------------------------------------------------
Developed with:

The Dumb Artist Library (TX Library)
TXLib [Ver: 00173a, Rev: 173, Date: 2024-06-23 22:37:05 +0400]
Copyright (C) Ded (Ilya Dedinsky, http://txlib.ru) <mail@txlib.ru>
See license on: http://txlib.ru

TXLib file:	c:\users\kirillt\codeblocks\mingw\include\txlib.h
Compiled:	Nov  4 2024 17:52:01, GNU g++ 4.8.1, std=201103L, MinGW Runtime 3.20, 32-bit, Debug
Started:	Nov 04 2024 18:01:55

Run file:	C:\Users\KirillT\Desktop\SPU\Proc.exe
Directory:	C:\Users\KirillT\Desktop\SPU

--------------------------------------------------

--------------------------------------------------
TXLib соболезнует...

Программа: C:\Users\KirillT\Desktop\SPU\Proc.exe,

ВНЕЗАПНО: signal (11, 0x00): SIGSEGV: Доступ по неверному указателю. Ставьте ассерты! 

Нарушение доступа к памяти.

#1: Исключение EXCEPTION_ACCESS_VIOLATION (0xC0000005) при выполнении кода по адресу 0x0041CABA. Попытка прочесть данные по адресу 0x0215B098 в модуле C:\Users\KirillT\Desktop\SPU\Proc.exe. Спасибо _txVectoredExceptionHandler(), что сообщил. Люблю его <3

С помощью функции signal() вы можете сами обработать эту ошибку.

#2: TXLib [Ver: 00173a, Rev: 173, Date: 2024-06-23 22:37:05 +0400], Instance: 0x00615DDC (32-bit), Flags: Cmdre0, Thread: 0x218 (Main). 

--------------------------------------------------
Стек вызовов:



--------------------------------------------------
Developed with:

The Dumb Artist Library (TX Library)
TXLib [Ver: 00173a, Rev: 173, Date: 2024-06-23 22:37:05 +0400]
Copyright (C) Ded (Ilya Dedinsky, http://txlib.ru) <mail@txlib.ru>
See license on: http://txlib.ru

TXLib file:	c:\users\kirillt\codeblocks\mingw\include\txlib.h
Compiled:	Nov  4 2024 17:52:01, GNU g++ 4.8.1, std=201103L, MinGW Runtime 3.20, 32-bit, Debug
Started:	Nov 04 2024 18:01:55

Run file:	C:\Users\KirillT\Desktop\SPU\Proc.exe
Directory:	C:\Users\KirillT\Desktop\SPU

--------------------------------------------------

--------------------------------------------------
TXLib предупреждает:

Программа: C:\Users\KirillT\Desktop\SPU\Proc.exe,

ВНЕЗАПНО: Нарушение доступа к памяти.

#1: Исключение EXCEPTION_ACCESS_VIOLATION (0xC0000005) при выполнении кода по адресу 0x0041CABA. Попытка прочесть данные по адресу 0x01AB3098 в модуле C:\Users\KirillT\Desktop\SPU\Proc.exe. Спасибо _txVectoredExceptionHandler(), что сообщил. Люблю его <3

#1: TXLib [Ver: 00173a, Rev: 173, Date: 2024-06-23 22:37:05 +0400], Instance: 0x00615DDC (32-bit), Flags: Cmdre0, Thread: 0x3508 (Main). 

--------------------------------------------------
Стек вызовов:



--------------------------------------------------
Developed with:

The Dumb Artist Library (TX Library)
TXLib [Ver: 00173a, Rev: 173, Date: 2024-06-23 22:37:05 +0400]
Copyright (C) Ded (Ilya Dedinsky, http://txlib.ru) <mail@txlib.ru>
See license on: http://txlib.ru

TXLib file:	c:\users\kirillt\codeblocks\mingw\include\txlib.h
Compiled:	Nov  4 2024 17:52:01, GNU g++ 4.8.1, std=201103L, MinGW Runtime 3.20, 32-bit, Debug
Started:	Nov 05 2024 01:33:27

Run file:	C:\Users\KirillT\Desktop\SPU\Proc.exe
Directory:	C:\Users\KirillT\Desktop\SPU

--------------------------------------------------

--------------------------------------------------
TXLib соболезнует...

Программа: C:\Users\KirillT\Desktop\SPU\Proc.exe,

ВНЕЗАПНО: signal (11, 0x00): SIGSEGV: Доступ по неверному указателю. Ставьте ассерты! 

Нарушение доступа к памяти.

#1: Исключение EXCEPTION_ACCESS_VIOLATION (0xC0000005) при выполнении кода по адресу 0x0041CABA. Попытка прочесть данные по адресу 0x01AB3098 в модуле C:\Users\KirillT\Desktop\SPU\Proc.exe. Спасибо _txVectoredExceptionHandler(), что сообщил. Люблю его <3

С помощью функции signal() вы можете сами обработать эту ошибку.

#2: TXLib [Ver: 00173a, Rev: 173, Date: 2024-06-23 22:37:05 +0400], Instance: 0x00615DDC (32-bit), Flags: Cmdre0, Thread: 0x3508 (Main). 

--------------------------------------------------
Стек вызовов:



--------------------------------------------------
Developed with:

The Dumb Artist Library (TX Library)
TXLib [Ver: 00173a, Rev: 173, Date: 2024-06-23 22:37:05 +0400]
Copyright (C) Ded (Ilya Dedinsky, http://txlib.ru) <mail@txlib.ru>
See license on: http://txlib.ru

TXLib file:	c:\users\kirillt\codeblocks\mingw\include\txlib.h
Compiled:	Nov  4 2024 17:52:01, GNU g++ 4.8.1, std=201103L, MinGW Runtime 3.20, 32-bit, Debug
Started:	Nov 05 2024 01:33:27

Run file:	C:\Users\KirillT\Desktop\SPU\Proc.exe
Directory:	C:\Users\KirillT\Desktop\SPU

--------------------------------------------------

--------------------------------------------------
TXLib предупреждает:

Программа: C:\Users\KirillT\Desktop\SPU\Proc.exe,

ВНЕЗАПНО: Нарушение доступа к памяти.

#1: Исключение EXCEPTION_ACCESS_VIOLATION (0xC0000005) при выполнении кода по адресу 0x0041CABA. Попытка прочесть данные по адресу 0x01A2F098 в модуле C:\Users\KirillT\Desktop\SPU\Proc.exe. Спасибо _txVectoredExceptionHandler(), что сообщил. Люблю его <3

#1: TXLib [Ver: 00173a, Rev: 173, Date: 2024-06-23 22:37:05 +0400], Instance: 0x00615DDC (32-bit), Flags: Cmdre0, Thread: 0x5F70 (Main). 

--------------------------------------------------
Стек вызовов:



--------------------------------------------------
Developed with:

The Dumb Artist Library (TX Library)
TXLib [Ver: 00173a, Rev: 173, Date: 2024-06-23 22:37:05 +0400]
Copyright (C) Ded (Ilya Dedinsky, http://txlib.ru) <mail@txlib.ru>
See license on: http://txlib.ru

TXLib file:	c:\users\kirillt\codeblocks\mingw\include\txlib.h
Compiled:	Nov  5 2024 01:36:27, GNU g++ 4.8.1, std=201103L, MinGW Runtime 3.20, 32-bit, Debug
Started:	Nov 05 2024 01:38:33

Run file:	C:\Users\KirillT\Desktop\SPU\Proc.exe
Directory:	C:\Users\KirillT\Desktop\SPU

--------------------------------------------------

--------------------------------------------------
TXLib соболезнует...

Программа: C:\Users\KirillT\Desktop\SPU\Proc.exe,

ВНЕЗАПНО: signal (11, 0x00): SIGSEGV: Доступ по неверному указателю. Ставьте ассерты! 

Нарушение доступа к памяти.

#1: Исключение EXCEPTION_ACCESS_VIOLATION (0xC0000005) при выполнении кода по адресу 0x0041CABA. Попытка прочесть данные по адресу 0x01A2F098 в модуле C:\Users\KirillT\Desktop\SPU\Proc.exe. Спасибо _txVectoredExceptionHandler(), что сообщил. Люблю его <3

С помощью функции signal() вы можете сами обработать эту ошибку.

#2: TXLib [Ver: 00173a, Rev: 173, Date: 2024-06-23 22:37:05 +0400], Instance: 0x00615DDC (32-bit), Flags: Cmdre0, Thread: 0x5F70 (Main). 

--------------------------------------------------
Стек вызовов:



--------------------------------------------------
Developed with:

The Dumb Artist Library (TX Library)
TXLib [Ver: 00173a, Rev: 173, Date: 2024-06-23 22:37:05 +0400]
Copyright (C) Ded (Ilya Dedinsky, http://txlib.ru) <mail@txlib.ru>
See license on: http://txlib.ru

TXLib file:	c:\users\kirillt\codeblocks\mingw\include\txlib.h
Compiled:	Nov  5 2024 01:36:27, GNU g++ 4.8.1, std=201103L, MinGW Runtime 3.20, 32-bit, Debug
Started:	Nov 05 2024 01:38:33

Run file:	C:\Users\KirillT\Desktop\SPU\Proc.exe
Directory:	C:\Users\KirillT\Desktop\SPU

--------------------------------------------------

--------------------------------------------------
TXLib предупреждает:

Программа: C:\Users\KirillT\Desktop\SPU\Proc.exe,

ВНЕЗАПНО: Нарушение доступа к памяти.

#1: Исключение EXCEPTION_ACCESS_VIOLATION (0xC0000005) при выполнении кода по адресу 0x0041CAC0. Попытка прочесть данные по адресу 0x01A97098 в модуле C:\Users\KirillT\Desktop\SPU\Proc.exe. Спасибо _txVectoredExceptionHandler(), что сообщил. Люблю его <3

#1: TXLib [Ver: 00173a, Rev: 173, Date: 2024-06-23 22:37:05 +0400], Instance: 0x00615DDC (32-bit), Flags: Cmdre0, Thread: 0x4C3C (Main). 

--------------------------------------------------
Стек вызовов:



--------------------------------------------------
Developed with:

The Dumb Artist Library (TX Library)
TXLib [Ver: 00173a, Rev: 173, Date: 2024-06-23 22:37:05 +0400]
Copyright (C) Ded (Ilya Dedinsky, http://txlib.ru) <mail@txlib.ru>
See license on: http://txlib.ru

TXLib file:	c:\users\kirillt\codeblocks\mingw\include\txlib.h
Compiled:	Nov  5 2024 01:51:28, GNU g++ 4.8.1, std=201103L, MinGW Runtime 3.20, 32-bit, Debug
Started:	Nov 05 2024 01:51:45

Run file:	C:\Users\KirillT\Desktop\SPU\Proc.exe
Directory:	C:\Users\KirillT\Desktop\SPU

--------------------------------------------------

--------------------------------------------------
TXLib соболезнует...

Программа: C:\Users\KirillT\Desktop\SPU\Proc.exe,

ВНЕЗАПНО: signal (11, 0x00): SIGSEGV: Доступ по неверному указателю. Ставьте ассерты! 

Нарушение доступа к памяти.

#1: Исключение EXCEPTION_ACCESS_VIOLATION (0xC0000005) при выполнении кода по адресу 0x0041CAC0. Попытка прочесть данные по адресу 0x01A97098 в модуле C:\Users\KirillT\Desktop\SPU\Proc.exe. Спасибо _txVectoredExceptionHandler(), что сообщил. Люблю его <3

С помощью функции signal() вы можете сами обработать эту ошибку.

#2: TXLib [Ver: 00173a, Rev: 173, Date: 2024-06-23 22:37:05 +0400], Instance: 0x00615DDC (32-bit), Flags: Cmdre0, Thread: 0x4C3C (Main). 

--------------------------------------------------
Стек вызовов:



--------------------------------------------------
Developed with:

The Dumb Artist Library (TX Library)
TXLib [Ver: 00173a, Rev: 173, Date: 2024-06-23 22:37:05 +0400]
Copyright (C) Ded (Ilya Dedinsky, http://txlib.ru) <mail@txlib.ru>
See license on: http://txlib.ru

TXLib file:	c:\users\kirillt\codeblocks\mingw\include\txlib.h
Compiled:	Nov  5 2024 01:51:28, GNU g++ 4.8.1, std=201103L, MinGW Runtime 3.20, 32-bit, Debug
Started:	Nov 05 2024 01:51:45

Run file:	C:\Users\KirillT\Desktop\SPU\Proc.exe
Directory:	C:\Users\KirillT\Desktop\SPU

--------------------------------------------------

--------------------------------------------------
TXLib предупреждает:

Программа: C:\Users\KirillT\Desktop\SPU\Proc.exe,

ВНЕЗАПНО: Нарушение доступа к памяти.

#1: Исключение EXCEPTION_ACCESS_VIOLATION (0xC0000005) при выполнении кода по адресу 0x0041CAC0. Попытка прочесть данные по адресу 0x01D5B098 в модуле C:\Users\KirillT\Desktop\SPU\Proc.exe. Спасибо _txVectoredExceptionHandler(), что сообщил. Люблю его <3

#1: TXLib [Ver: 00173a, Rev: 173, Date: 2024-06-23 22:37:05 +0400], Instance: 0x00615DDC (32-bit), Flags: Cmdre0, Thread: 0x5374 (Main). 

--------------------------------------------------
Стек вызовов:



--------------------------------------------------
Developed with:

The Dumb Artist Library (TX Library)
TXLib [Ver: 00173a, Rev: 173, Date: 2024-06-23 22:37:05 +0400]
Copyright (C) Ded (Ilya Dedinsky, http://txlib.ru) <mail@txlib.ru>
See license on: http://txlib.ru

TXLib file:	c:\users\kirillt\codeblocks\mingw\include\txlib.h
Compiled:	Nov  5 2024 01:56:22, GNU g++ 4.8.1, std=201103L, MinGW Runtime 3.20, 32-bit, Debug
Started:	Nov 05 2024 01:56:39

Run file:	C:\Users\KirillT\Desktop\SPU\Proc.exe
Directory:	C:\Users\KirillT\Desktop\SPU

--------------------------------------------------

--------------------------------------------------
TXLib соболезнует...

Программа: C:\Users\KirillT\Desktop\SPU\Proc.exe,

ВНЕЗАПНО: signal (11, 0x00): SIGSEGV: Доступ по неверному указателю. Ставьте ассерты! 

Нарушение доступа к памяти.

#1: Исключение EXCEPTION_ACCESS_VIOLATION (0xC0000005) при выполнении кода по адресу 0x0041CAC0. Попытка прочесть данные по адресу 0x01D5B098 в модуле C:\Users\KirillT\Desktop\SPU\Proc.exe. Спасибо _txVectoredExceptionHandler(), что сообщил. Люблю его <3

С помощью функции signal() вы можете сами обработать эту ошибку.

#2: TXLib [Ver: 00173a, Rev: 173, Date: 2024-06-23 22:37:05 +0400], Instance: 0x00615DDC (32-bit), Flags: Cmdre0, Thread: 0x5374 (Main). 

--------------------------------------------------
Стек вызовов:



--------------------------------------------------
Developed with:

The Dumb Artist Library (TX Library)
TXLib [Ver: 00173a, Rev: 173, Date: 2024-06-23 22:37:05 +0400]
Copyright (C) Ded (Ilya Dedinsky, http://txlib.ru) <mail@txlib.ru>
See license on: http://txlib.ru

TXLib file:	c:\users\kirillt\codeblocks\mingw\include\txlib.h
Compiled:	Nov  5 2024 01:56:22, GNU g++ 4.8.1, std=201103L, MinGW Runtime 3.20, 32-bit, Debug
Started:	Nov 05 2024 01:56:39

Run file:	C:\Users\KirillT\Desktop\SPU\Proc.exe
Directory:	C:\Users\KirillT\Desktop\SPU

--------------------------------------------------

--------------------------------------------------
TXLib предупреждает:

Программа: C:\Users\KirillT\Desktop\SPU\Proc.exe,

ВНЕЗАПНО: Нарушение доступа к памяти.

#1: Исключение EXCEPTION_ACCESS_VIOLATION (0xC0000005) при выполнении кода по адресу 0x0041CAC0. Попытка прочесть данные по адресу 0x01FFB098 в модуле C:\Users\KirillT\Desktop\SPU\Proc.exe. Спасибо _txVectoredExceptionHandler(), что сообщил. Люблю его <3

#1: TXLib [Ver: 00173a, Rev: 173, Date: 2024-06-23 22:37:05 +0400], Instance: 0x00615DDC (32-bit), Flags: Cmdre0, Thread: 0x4FC (Main). 

--------------------------------------------------
Стек вызовов:



--------------------------------------------------
Developed with:

The Dumb Artist Library (TX Library)
TXLib [Ver: 00173a, Rev: 173, Date: 2024-06-23 22:37:05 +0400]
Copyright (C) Ded (Ilya Dedinsky, http://txlib.ru) <mail@txlib.ru>
See license on: http://txlib.ru

TXLib file:	c:\users\kirillt\codeblocks\mingw\include\txlib.h
Compiled:	Nov  5 2024 01:58:54, GNU g++ 4.8.1, std=201103L, MinGW Runtime 3.20, 32-bit, Debug
Started:	Nov 05 2024 01:59:11

Run file:	C:\Users\KirillT\Desktop\SPU\Proc.exe
Directory:	C:\Users\KirillT\Desktop\SPU

--------------------------------------------------

--------------------------------------------------
TXLib соболезнует...

Программа: C:\Users\KirillT\Desktop\SPU\Proc.exe,

ВНЕЗАПНО: signal (11, 0x00): SIGSEGV: Доступ по неверному указателю. Ставьте ассерты! 

Нарушение доступа к памяти.

#1: Исключение EXCEPTION_ACCESS_VIOLATION (0xC0000005) при выполнении кода по адресу 0x0041CAC0. Попытка прочесть данные по адресу 0x01FFB098 в модуле C:\Users\KirillT\Desktop\SPU\Proc.exe. Спасибо _txVectoredExceptionHandler(), что сообщил. Люблю его <3

С помощью функции signal() вы можете сами обработать эту ошибку.

#2: TXLib [Ver: 00173a, Rev: 173, Date: 2024-06-23 22:37:05 +0400], Instance: 0x00615DDC (32-bit), Flags: Cmdre0, Thread: 0x4FC (Main). 

--------------------------------------------------
Стек вызовов:



--------------------------------------------------
Developed with:

The Dumb Artist Library (TX Library)
TXLib [Ver: 00173a, Rev: 173, Date: 2024-06-23 22:37:05 +0400]
Copyright (C) Ded (Ilya Dedinsky, http://txlib.ru) <mail@txlib.ru>
See license on: http://txlib.ru

TXLib file:	c:\users\kirillt\codeblocks\mingw\include\txlib.h
Compiled:	Nov  5 2024 01:58:54, GNU g++ 4.8.1, std=201103L, MinGW Runtime 3.20, 32-bit, Debug
Started:	Nov 05 2024 01:59:11

Run file:	C:\Users\KirillT\Desktop\SPU\Proc.exe
Directory:	C:\Users\KirillT\Desktop\SPU

--------------------------------------------------

--------------------------------------------------
TXLib соболезнует...

Программа: C:\Users\KirillT\Desktop\SPU\Proc.exe,

ВНЕЗАПНО: signal (22, 0x00): SIGABRT: Аварийное завершение программы, вызвана функция abort(). 

С помощью функции signal() вы можете сами обработать эту ошибку.

#1: TXLib [Ver: 00173a, Rev: 173, Date: 2024-06-23 22:37:05 +0400], Instance: 0x00615DDC (32-bit), Flags: Cmdre0, Thread: 0x5E5C (Main), GetLastError(): 2 (?? ??????? ????? ????????? ????), errno: 2 (No such file or directory), _doserrno: 2 (No such file or directory). 

--------------------------------------------------
Стек вызовов:



--------------------------------------------------
Developed with:

The Dumb Artist Library (TX Library)
TXLib [Ver: 00173a, Rev: 173, Date: 2024-06-23 22:37:05 +0400]
Copyright (C) Ded (Ilya Dedinsky, http://txlib.ru) <mail@txlib.ru>
See license on: http://txlib.ru

TXLib file:	c:\users\kirillt\codeblocks\mingw\include\txlib.h
Compiled:	Nov  6 2024 00:08:20, GNU g++ 4.8.1, std=201103L, MinGW Runtime 3.20, 32-bit, Debug
Started:	Nov 06 2024 00:08:36

Run file:	C:\Users\KirillT\Desktop\SPU\Proc.exe
Directory:	C:\Users\KirillT\Desktop\SPU

--------------------------------------------------

--------------------------------------------------
TXLib предупреждает:

Программа: C:\Users\KirillT\Desktop\SPU\Proc.exe,

ВНЕЗАПНО: Нарушение доступа к памяти.

#1: Исключение EXCEPTION_ACCESS_VIOLATION (0xC0000005) при выполнении кода по адресу 0x771CE6DE. Попытка прочесть данные по адресу 0x00000001 в модуле C:\Windows\System32\msvcrt.dll. Спасибо _txVectoredExceptionHandler(), что сообщил. Люблю его <3

#1: TXLib [Ver: 00173a, Rev: 173, Date: 2024-06-23 22:37:05 +0400], Instance: 0x00615DDC (32-bit), Flags: Cmdre0, Thread: 0x5770 (Main), GetLastError(): 183 (?????????? ??????? ????, ??? ??? ?? ??? ??????????). 

--------------------------------------------------
Стек вызовов:



--------------------------------------------------
Developed with:

The Dumb Artist Library (TX Library)
TXLib [Ver: 00173a, Rev: 173, Date: 2024-06-23 22:37:05 +0400]
Copyright (C) Ded (Ilya Dedinsky, http://txlib.ru) <mail@txlib.ru>
See license on: http://txlib.ru

TXLib file:	c:\users\kirillt\codeblocks\mingw\include\txlib.h
Compiled:	Nov  6 2024 02:02:36, GNU g++ 4.8.1, std=201103L, MinGW Runtime 3.20, 32-bit, Debug
Started:	Nov 06 2024 02:02:53

Run file:	C:\Users\KirillT\Desktop\SPU\Proc.exe
Directory:	C:\Users\KirillT\Desktop\SPU

--------------------------------------------------

--------------------------------------------------
TXLib соболезнует...

Программа: C:\Users\KirillT\Desktop\SPU\Proc.exe,

ВНЕЗАПНО: signal (11, 0x00): SIGSEGV: Доступ по неверному указателю. Ставьте ассерты! 

Нарушение доступа к памяти.

#1: Исключение EXCEPTION_ACCESS_VIOLATION (0xC0000005) при выполнении кода по адресу 0x771CE6DE. Попытка прочесть данные по адресу 0x00000001 в модуле C:\Windows\System32\msvcrt.dll. Спасибо _txVectoredExceptionHandler(), что сообщил. Люблю его <3

С помощью функции signal() вы можете сами обработать эту ошибку.

#2: TXLib [Ver: 00173a, Rev: 173, Date: 2024-06-23 22:37:05 +0400], Instance: 0x00615DDC (32-bit), Flags: Cmdre0, Thread: 0x5770 (Main), GetLastError(): 183 (?????????? ??????? ????, ??? ??? ?? ??? ??????????). 

--------------------------------------------------
Стек вызовов:



--------------------------------------------------
Developed with:

The Dumb Artist Library (TX Library)
TXLib [Ver: 00173a, Rev: 173, Date: 2024-06-23 22:37:05 +0400]
Copyright (C) Ded (Ilya Dedinsky, http://txlib.ru) <mail@txlib.ru>
See license on: http://txlib.ru

TXLib file:	c:\users\kirillt\codeblocks\mingw\include\txlib.h
Compiled:	Nov  6 2024 02:02:36, GNU g++ 4.8.1, std=201103L, MinGW Runtime 3.20, 32-bit, Debug
Started:	Nov 06 2024 02:02:53

Run file:	C:\Users\KirillT\Desktop\SPU\Proc.exe
Directory:	C:\Users\KirillT\Desktop\SPU

--------------------------------------------------

--------------------------------------------------
TXLib предупреждает:

Программа: C:\Users\KirillT\Desktop\SPU\Proc.exe,

ВНЕЗАПНО: Нарушение доступа к памяти.

#1: Исключение EXCEPTION_ACCESS_VIOLATION (0xC0000005) при выполнении кода по адресу 0x771CE6DE. Попытка прочесть данные по адресу 0x00000001 в модуле C:\Windows\System32\msvcrt.dll. Спасибо _txVectoredExceptionHandler(), что сообщил. Люблю его <3

#1: TXLib [Ver: 00173a, Rev: 173, Date: 2024-06-23 22:37:05 +0400], Instance: 0x00615DDC (32-bit), Flags: Cmdre0, Thread: 0x320C (Main), GetLastError(): 183 (?????????? ??????? ????, ??? ??? ?? ??? ??????????). 

--------------------------------------------------
Стек вызовов:



--------------------------------------------------
Developed with:

The Dumb Artist Library (TX Library)
TXLib [Ver: 00173a, Rev: 173, Date: 2024-06-23 22:37:05 +0400]
Copyright (C) Ded (Ilya Dedinsky, http://txlib.ru) <mail@txlib.ru>
See license on: http://txlib.ru

TXLib file:	c:\users\kirillt\codeblocks\mingw\include\txlib.h
Compiled:	Nov  6 2024 02:03:22, GNU g++ 4.8.1, std=201103L, MinGW Runtime 3.20, 32-bit, Debug
Started:	Nov 06 2024 02:03:39

Run file:	C:\Users\KirillT\Desktop\SPU\Proc.exe
Directory:	C:\Users\KirillT\Desktop\SPU

--------------------------------------------------

--------------------------------------------------
TXLib соболезнует...

Программа: C:\Users\KirillT\Desktop\SPU\Proc.exe,

ВНЕЗАПНО: signal (11, 0x00): SIGSEGV: Доступ по неверному указателю. Ставьте ассерты! 

Нарушение доступа к памяти.

#1: Исключение EXCEPTION_ACCESS_VIOLATION (0xC0000005) при выполнении кода по адресу 0x771CE6DE. Попытка прочесть данные по адресу 0x00000001 в модуле C:\Windows\System32\msvcrt.dll. Спасибо _txVectoredExceptionHandler(), что сообщил. Люблю его <3

С помощью функции signal() вы можете сами обработать эту ошибку.

#2: TXLib [Ver: 00173a, Rev: 173, Date: 2024-06-23 22:37:05 +0400], Instance: 0x00615DDC (32-bit), Flags: Cmdre0, Thread: 0x320C (Main), GetLastError(): 183 (?????????? ??????? ????, ??? ??? ?? ??? ??????????). 

--------------------------------------------------
Стек вызовов:



--------------------------------------------------
Developed with:

The Dumb Artist Library (TX Library)
TXLib [Ver: 00173a, Rev: 173, Date: 2024-06-23 22:37:05 +0400]
Copyright (C) Ded (Ilya Dedinsky, http://txlib.ru) <mail@txlib.ru>
See license on: http://txlib.ru

TXLib file:	c:\users\kirillt\codeblocks\mingw\include\txlib.h
Compiled:	Nov  6 2024 02:03:22, GNU g++ 4.8.1, std=201103L, MinGW Runtime 3.20, 32-bit, Debug
Started:	Nov 06 2024 02:03:39

Run file:	C:\Users\KirillT\Desktop\SPU\Proc.exe
Directory:	C:\Users\KirillT\Desktop\SPU

--------------------------------------------------
